nvcc /home/osumageed/Documents/1_SweptRuleResearch/HeterogeneousSwept1D/src/equations/EulerCF/EulerCF.cu /home/osumageed/Documents/1_SweptRuleResearch/HeterogeneousSwept1D/src/solver.cu /home/osumageed/Documents/1_SweptRuleResearch/HeterogeneousSwept1D/src/decomposition/decompCore.cpp /home/osumageed/Documents/1_SweptRuleResearch/HeterogeneousSwept1D/src/decomposition/sweptCore.cpp /home/osumageed/Documents/1_SweptRuleResearch/HeterogeneousSwept1D/src/decomposition/classicCore.cpp -o /home/osumageed/Documents/1_SweptRuleResearch/HeterogeneousSwept1D/src/bin/EulerCF -D=EulerCF -lm -O3 -std=c++11  -I/home/osumageed/Documents/1_SweptRuleResearch/HeterogeneousSwept1D/src/utilities -I/home/osumageed/Documents/1_SweptRuleResearch/HeterogeneousSwept1D/src/equations -I/usr/include/mpi -Xcompiler -fopenmp -lmpi -gencode arch=compute_35,code=sm_35  
/home/osumageed/Documents/1_SweptRuleResearch/HeterogeneousSwept1D/src/utilities/json.hpp(6619): warning: pointless comparison of unsigned integer with zero
          detected during:
            instantiation of "std::size_t nlohmann::detail::serializer<BasicJsonType>::extra_space(const nlohmann::detail::serializer<BasicJsonType>::string_t &, __nv_bool) [with BasicJsonType=nlohmann::basic_json<std::map, std::vector, std::__cxx11::string, __nv_bool, int64_t, uint64_t, double, std::allocator, nlohmann::adl_serializer>]" 
(6795): here
            instantiation of "void nlohmann::detail::serializer<BasicJsonType>::dump_escaped(const nlohmann::detail::serializer<BasicJsonType>::string_t &, __nv_bool) const [with BasicJsonType=nlohmann::basic_json<std::map, std::vector, std::__cxx11::string, __nv_bool, int64_t, uint64_t, double, std::allocator, nlohmann::adl_serializer>]" 
(6452): here
            instantiation of "void nlohmann::detail::serializer<BasicJsonType>::dump(const BasicJsonType &, __nv_bool, __nv_bool, unsigned int, unsigned int) [with BasicJsonType=nlohmann::basic_json<std::map, std::vector, std::__cxx11::string, __nv_bool, int64_t, uint64_t, double, std::allocator, nlohmann::adl_serializer>]" 
(9161): here
            instantiation of "nlohmann::basic_json<ObjectType, ArrayType, StringType, BooleanType, NumberIntegerType, NumberUnsignedType, NumberFloatType, AllocatorType, JSONSerializer>::string_t nlohmann::basic_json<ObjectType, ArrayType, StringType, BooleanType, NumberIntegerType, NumberUnsignedType, NumberFloatType, AllocatorType, JSONSerializer>::dump(int, char, __nv_bool) const [with ObjectType=std::map, ArrayType=std::vector, StringType=std::__cxx11::string, BooleanType=__nv_bool, NumberIntegerType=int64_t, NumberUnsignedType=uint64_t, NumberFloatType=double, AllocatorType=std::allocator, JSONSerializer=nlohmann::adl_serializer]" 
(14771): here

/home/osumageed/Documents/1_SweptRuleResearch/HeterogeneousSwept1D/src/utilities/json.hpp(6888): warning: pointless comparison of unsigned integer with zero
          detected during:
            instantiation of "void nlohmann::detail::serializer<BasicJsonType>::dump_escaped(const nlohmann::detail::serializer<BasicJsonType>::string_t &, __nv_bool) const [with BasicJsonType=nlohmann::basic_json<std::map, std::vector, std::__cxx11::string, __nv_bool, int64_t, uint64_t, double, std::allocator, nlohmann::adl_serializer>]" 
(6452): here
            instantiation of "void nlohmann::detail::serializer<BasicJsonType>::dump(const BasicJsonType &, __nv_bool, __nv_bool, unsigned int, unsigned int) [with BasicJsonType=nlohmann::basic_json<std::map, std::vector, std::__cxx11::string, __nv_bool, int64_t, uint64_t, double, std::allocator, nlohmann::adl_serializer>]" 
(9161): here
            instantiation of "nlohmann::basic_json<ObjectType, ArrayType, StringType, BooleanType, NumberIntegerType, NumberUnsignedType, NumberFloatType, AllocatorType, JSONSerializer>::string_t nlohmann::basic_json<ObjectType, ArrayType, StringType, BooleanType, NumberIntegerType, NumberUnsignedType, NumberFloatType, AllocatorType, JSONSerializer>::dump(int, char, __nv_bool) const [with ObjectType=std::map, ArrayType=std::vector, StringType=std::__cxx11::string, BooleanType=__nv_bool, NumberIntegerType=int64_t, NumberUnsignedType=uint64_t, NumberFloatType=double, AllocatorType=std::allocator, JSONSerializer=nlohmann::adl_serializer]" 
(14771): here

/home/osumageed/Documents/1_SweptRuleResearch/HeterogeneousSwept1D/src/utilities/json.hpp(6962): warning: pointless comparison of unsigned integer with zero
          detected during:
            instantiation of "void nlohmann::detail::serializer<BasicJsonType>::dump_integer(NumberType) [with BasicJsonType=nlohmann::basic_json<std::map, std::vector, std::__cxx11::string, __nv_bool, int64_t, uint64_t, double, std::allocator, nlohmann::adl_serializer>, NumberType=uint64_t, <unnamed>=0]" 
(6586): here
            instantiation of "void nlohmann::detail::serializer<BasicJsonType>::dump(const BasicJsonType &, __nv_bool, __nv_bool, unsigned int, unsigned int) [with BasicJsonType=nlohmann::basic_json<std::map, std::vector, std::__cxx11::string, __nv_bool, int64_t, uint64_t, double, std::allocator, nlohmann::adl_serializer>]" 
(9161): here
            instantiation of "nlohmann::basic_json<ObjectType, ArrayType, StringType, BooleanType, NumberIntegerType, NumberUnsignedType, NumberFloatType, AllocatorType, JSONSerializer>::string_t nlohmann::basic_json<ObjectType, ArrayType, StringType, BooleanType, NumberIntegerType, NumberUnsignedType, NumberFloatType, AllocatorType, JSONSerializer>::dump(int, char, __nv_bool) const [with ObjectType=std::map, ArrayType=std::vector, StringType=std::__cxx11::string, BooleanType=__nv_bool, NumberIntegerType=int64_t, NumberUnsignedType=uint64_t, NumberFloatType=double, AllocatorType=std::allocator, JSONSerializer=nlohmann::adl_serializer]" 
(14771): here

/home/osumageed/Documents/1_SweptRuleResearch/HeterogeneousSwept1D/src/utilities/json.hpp(9914): warning: type qualifier is meaningless on cast type
          detected during:
            instantiation of "void nlohmann::detail::get_arithmetic_value(const BasicJsonType &, ArithmeticType &) [with BasicJsonType=nlohmann::basic_json<std::map, std::vector, std::__cxx11::string, __nv_bool, int64_t, uint64_t, double, std::allocator, nlohmann::adl_serializer>, ArithmeticType=double, <unnamed>=0]" 
(1017): here
            instantiation of "void nlohmann::detail::from_json(const BasicJsonType &, BasicJsonType::number_float_t &) [with BasicJsonType=nlohmann::basic_json<std::map, std::vector, std::__cxx11::string, __nv_bool, int64_t, uint64_t, double, std::allocator, nlohmann::adl_serializer>]" 
(1244): here
            instantiation of "auto nlohmann::detail::from_json_fn::call(const BasicJsonType &, T &, nlohmann::detail::priority_tag<1U>) const->decltype((<expression>)) [with BasicJsonType=nlohmann::basic_json<std::map, std::vector, std::__cxx11::string, __nv_bool, int64_t, uint64_t, double, std::allocator, nlohmann::adl_serializer>, T=double]" 
(1259): here
            instantiation of "void nlohmann::detail::from_json_fn::operator()(const BasicJsonType &, T &) const [with BasicJsonType=nlohmann::basic_json<std::map, std::vector, std::__cxx11::string, __nv_bool, int64_t, uint64_t, double, std::allocator, nlohmann::adl_serializer>, T=double]" 
(7122): here
            instantiation of "void nlohmann::adl_serializer<<unnamed>, <unnamed>>::from_json(BasicJsonType &&, ValueType &) [with <unnamed>=double, <unnamed>=void, BasicJsonType=const nlohmann::basic_json<std::map, std::vector, std::__cxx11::string, __nv_bool, int64_t, uint64_t, double, std::allocator, nlohmann::adl_serializer> &, ValueType=double]" 
(9744): here
            instantiation of "ValueType nlohmann::basic_json<ObjectType, ArrayType, StringType, BooleanType, NumberIntegerType, NumberUnsignedType, NumberFloatType, AllocatorType, JSONSerializer>::get<ValueTypeCV,ValueType,<unnamed>>() const [with ObjectType=std::map, ArrayType=std::vector, StringType=std::__cxx11::string, BooleanType=__nv_bool, NumberIntegerType=int64_t, NumberUnsignedType=uint64_t, NumberFloatType=double, AllocatorType=std::allocator, JSONSerializer=nlohmann::adl_serializer, ValueTypeCV=double, ValueType=double, <unnamed>=0]" 
(10006): here
            instantiation of "nlohmann::basic_json<ObjectType, ArrayType, StringType, BooleanType, NumberIntegerType, NumberUnsignedType, NumberFloatType, AllocatorType, JSONSerializer>::operator ValueType() const [with ObjectType=std::map, ArrayType=std::vector, StringType=std::__cxx11::string, BooleanType=__nv_bool, NumberIntegerType=int64_t, NumberUnsignedType=uint64_t, NumberFloatType=double, AllocatorType=std::allocator, JSONSerializer=nlohmann::adl_serializer, ValueType=double, <unnamed>=0]" 
/home/osumageed/Documents/1_SweptRuleResearch/HeterogeneousSwept1D/src/equations/EulerCF/EulerCF.cu(69): here

/home/osumageed/Documents/1_SweptRuleResearch/HeterogeneousSwept1D/src/utilities/json.hpp(1061): warning: nonstandard use of "auto" to both deduce the type from an initializer and to announce a trailing return type

/home/osumageed/Documents/1_SweptRuleResearch/HeterogeneousSwept1D/src/utilities/json.hpp(6619): warning: pointless comparison of unsigned integer with zero

/home/osumageed/Documents/1_SweptRuleResearch/HeterogeneousSwept1D/src/utilities/json.hpp(9914): warning: type qualifier is meaningless on cast type

/home/osumageed/Documents/1_SweptRuleResearch/HeterogeneousSwept1D/src/utilities/json.hpp(6888): warning: pointless comparison of unsigned integer with zero
          detected during:
            instantiation of "void nlohmann::detail::serializer<BasicJsonType>::dump_escaped(const nlohmann::detail::serializer<BasicJsonType>::string_t &, bool) const [with BasicJsonType=nlohmann::basic_json<std::map, std::vector, std::__cxx11::string, bool, int64_t, uint64_t, double, std::allocator, nlohmann::adl_serializer>]" 
(6452): here
            instantiation of "void nlohmann::detail::serializer<BasicJsonType>::dump(const BasicJsonType &, bool, bool, unsigned int, unsigned int) [with BasicJsonType=nlohmann::basic_json<std::map, std::vector, std::__cxx11::string, bool, int64_t, uint64_t, double, std::allocator, nlohmann::adl_serializer>]" 
(9161): here
            instantiation of "nlohmann::basic_json<ObjectType, ArrayType, StringType, BooleanType, NumberIntegerType, NumberUnsignedType, NumberFloatType, AllocatorType, JSONSerializer>::string_t nlohmann::basic_json<ObjectType, ArrayType, StringType, BooleanType, NumberIntegerType, NumberUnsignedType, NumberFloatType, AllocatorType, JSONSerializer>::dump(int, char, bool) const [with ObjectType=std::map, ArrayType=std::vector, StringType=std::__cxx11::string, BooleanType=bool, NumberIntegerType=int64_t, NumberUnsignedType=uint64_t, NumberFloatType=double, AllocatorType=std::allocator, JSONSerializer=nlohmann::adl_serializer]" 
(14771): here

/home/osumageed/Documents/1_SweptRuleResearch/HeterogeneousSwept1D/src/utilities/json.hpp(6962): warning: pointless comparison of unsigned integer with zero
          detected during:
            instantiation of "void nlohmann::detail::serializer<BasicJsonType>::dump_integer(NumberType) [with BasicJsonType=nlohmann::basic_json<std::map, std::vector, std::__cxx11::string, bool, int64_t, uint64_t, double, std::allocator, nlohmann::adl_serializer>, NumberType=uint64_t, <unnamed>=0]" 
(6586): here
            instantiation of "void nlohmann::detail::serializer<BasicJsonType>::dump(const BasicJsonType &, bool, bool, unsigned int, unsigned int) [with BasicJsonType=nlohmann::basic_json<std::map, std::vector, std::__cxx11::string, bool, int64_t, uint64_t, double, std::allocator, nlohmann::adl_serializer>]" 
(9161): here
            instantiation of "nlohmann::basic_json<ObjectType, ArrayType, StringType, BooleanType, NumberIntegerType, NumberUnsignedType, NumberFloatType, AllocatorType, JSONSerializer>::string_t nlohmann::basic_json<ObjectType, ArrayType, StringType, BooleanType, NumberIntegerType, NumberUnsignedType, NumberFloatType, AllocatorType, JSONSerializer>::dump(int, char, bool) const [with ObjectType=std::map, ArrayType=std::vector, StringType=std::__cxx11::string, BooleanType=bool, NumberIntegerType=int64_t, NumberUnsignedType=uint64_t, NumberFloatType=double, AllocatorType=std::allocator, JSONSerializer=nlohmann::adl_serializer]" 
(14771): here

/home/osumageed/Documents/1_SweptRuleResearch/HeterogeneousSwept1D/src/utilities/json.hpp:3767:10: error: ‘BasicJsonType’ in namespace ‘::’ does not name a type
     friend BasicJsonType;
          ^
Makefile:38: recipe for target 'EulerCF' failed
make: *** [EulerCF] Error 1
